Start testing: Oct 07 15:52 MSK
----------------------------------------------------------
1/1 Testing: check
1/1 Test: check
Command: "/Users/anisim_ovcharov/documents/workspace/labs/future/_build/check" "-s" "-r" "compact" "--use-colour" "yes"
Directory: /Users/anisim_ovcharov/Documents/workspace/labs/future/_build
"check" start time: Oct 07 15:52 MSK
Output:
----------------------------------------------------------
[0;37m/Users/anisim_ovcharov/documents/workspace/labs/future/tests/test1.cpp:15:[0m[1;32m PASSED[0m: result == text[0;37m for: [0m"hello" == "hello"
[1;32mPassed 1 test case with 1 assertion.[0m

<end of output>
Test time =   0.01 sec
----------------------------------------------------------
Test Passed.
"check" end time: Oct 07 15:52 MSK
"check" time elapsed: 00:00:00
----------------------------------------------------------

End testing: Oct 07 15:52 MSK
